<?xml version="1.0" encoding="UTF-8"?>
<!-- Generated by org.testng.reporters.JUnitReportReporter -->
<testsuite hostname="Deepaks-MacBook-Air-2.local" failures="0" tests="2" name="test.LambdatestAssignmentChrome" time="20.431" errors="0" timestamp="2021-11-20T23:00:50 EST" skipped="0">
  <testcase classname="test.LambdatestAssignmentChrome" name="lambdatestAdvanceCertificationDeepakChowbey" time="9.381"/>
  <system-out>
    <![CDATA[Windows opened by webdriver are: [51434df1-904e-b441-8f15-9878a98e30b4, 55f51c7d-f3a4-2740-90ed-3c351a71bb95]
Current window open count is: 1]]>
  </system-out>
  <testcase classname="test.LambdatestAssignmentChrome" name="lambdatestAdvanceCertificationDeepakChowbey" time="11.050"/>
  <system-out>
    <![CDATA[Windows opened by webdriver are: [CDwindow-7A5A83EE22DA0112F09017B005A2D79A, CDwindow-E1C6A9FBE46D8964B2438A3F0BA48822]
Current window open count is: 1]]>
  </system-out>
</testsuite> <!-- test.LambdatestAssignmentChrome -->
