<?xml version="1.0" encoding="UTF-8"?>
<!-- Generated by org.testng.reporters.JUnitReportReporter -->
<testsuite hostname="Deepaks-MacBook-Air-2.local" failures="0" tests="2" name="test.LambdatestAssignment" time="38.373" errors="0" timestamp="2021-11-21T00:35:36 EST" skipped="0">
  <testcase classname="test.LambdatestAssignment" name="lambdatestAdvanceCertificationDeepakChowbey" time="14.435"/>
  <system-out>
    <![CDATA[Windows opened by webdriver are: [CDwindow-621EF1B441771A1BF4F802128DA7CF74, CDwindow-4E31F49249F24472654751C28B41C255]
Current window open count is: 1]]>
  </system-out>
  <testcase classname="test.LambdatestAssignment" name="lambdatestAdvanceCertificationDeepakChowbey" time="23.938"/>
  <system-out>
    <![CDATA[Windows opened by webdriver are: [CDwindow-B80A9D3C5126F08095C081D370BF7714, CDwindow-1869FF79060BBFD96B6C80F8BEF2D344]
Current window open count is: 1]]>
  </system-out>
</testsuite> <!-- test.LambdatestAssignment -->
