<?xml version="1.0" encoding="UTF-8"?>
<!-- Generated by org.testng.reporters.JUnitReportReporter -->
<testsuite hostname="Deepaks-MacBook-Air-2.local" failures="0" tests="1" name="test.LambdatestAssignmentFirefox" time="9.264" errors="0" timestamp="2021-11-20T22:46:45 EST" skipped="0">
  <testcase classname="test.LambdatestAssignmentFirefox" name="lambdatestAdvanceCertificationDeepakChowbey" time="9.264"/>
  <system-out>
    <![CDATA[Windows opened by webdriver are: [125aee57-5a02-fd47-a806-c1aa0bc666b4, 3cf54dd8-19ed-4747-8a44-82fe9f2f3633]
Current window open count is: 1]]>
  </system-out>
</testsuite> <!-- test.LambdatestAssignmentFirefox -->
